<?xml version="1.0" encoding="UTF-8"?>
<!-- Generated by org.testng.reporters.JUnitReportReporter -->
<testsuite hostname="priyankas-MacBook-Air.local" failures="0" tests="2" name="Academy.Homepage" time="17.326" errors="0" timestamp="2019-08-27T22:15:30 IST" skipped="0">
  <testcase classname="Academy.Homepage" name="basePageNavigation" time="10.987"/>
  <testcase classname="Academy.Homepage" name="basePageNavigation" time="6.339"/>
</testsuite> <!-- Academy.Homepage -->
