<?xml version="1.0" encoding="UTF-8"?>
<!-- Generated by org.testng.reporters.JUnitReportReporter -->
<testsuite hostname="priyankas-MacBook-Air.local" failures="0" tests="2" name="Academy.HomePage" time="26.345" errors="0" timestamp="2019-08-29T18:42:04 IST" skipped="0">
  <testcase classname="Academy.HomePage" name="basePageNavigation" time="19.979"/>
  <testcase classname="Academy.HomePage" name="basePageNavigation" time="6.366"/>
</testsuite> <!-- Academy.HomePage -->
