<?xml version="1.0" encoding="UTF-8"?>
<!-- Generated by org.testng.reporters.JUnitReportReporter -->
<testsuite hostname="priyankas-MacBook-Air.local" failures="0" tests="2" name="qaclickacademy.APITest" time="0.021" errors="0" timestamp="10 Aug 2019 20:02:39 GMT" skipped="0">
  <testcase classname="qaclickacademy.APITest" name="deleteTwitter" time="0.019"/>
  <testcase classname="qaclickacademy.APITest" name="postJira" time="0.002"/>
</testsuite> <!-- qaclickacademy.APITest -->
