<?xml version="1.0" encoding="UTF-8"?>
<!-- Generated by org.testng.reporters.JUnitReportReporter -->
<testsuite hostname="priyankas-MacBook-Air.local" failures="0" tests="1" name="Academy.ValidateNavigationBar" time="0.263" errors="0" timestamp="2019-08-27T22:15:30 IST" skipped="0">
  <testcase classname="Academy.ValidateNavigationBar" name="baseValidation" time="0.263"/>
</testsuite> <!-- Academy.ValidateNavigationBar -->
