<?xml version="1.0" encoding="UTF-8"?>
<!-- Generated by org.testng.reporters.JUnitReportReporter -->
<testsuite hostname="priyankas-MacBook-Air.local" failures="0" tests="1" name="Academy.AppTest" time="0.020" errors="0" timestamp="2019-08-27T22:15:30 IST" skipped="0">
  <testcase classname="Academy.AppTest" name="testApp" time="0.020"/>
</testsuite> <!-- Academy.AppTest -->
