<?xml version="1.0" encoding="UTF-8"?>
<!-- Generated by org.testng.reporters.JUnitReportReporter -->
<testsuite hostname="priyankas-MacBook-Air.local" failures="0" tests="1" name="Academy.ValidateTitle" time="0.161" errors="0" timestamp="2019-08-27T19:49:54 IST" skipped="0">
  <testcase classname="Academy.ValidateTitle" name="baseValidation" time="0.161"/>
</testsuite> <!-- Academy.ValidateTitle -->
