<?xml version="1.0" encoding="UTF-8"?>
<!-- Generated by org.testng.reporters.JUnitReportReporter -->
<testsuite hostname="priyankas-MacBook-Air.local" failures="0" tests="2" name="Academy.HomePage" time="23.900" errors="0" timestamp="2019-08-29T18:36:56 IST" skipped="0">
  <testcase classname="Academy.HomePage" name="basePageNavigation" time="13.050"/>
  <testcase classname="Academy.HomePage" name="basePageNavigation" time="10.850"/>
</testsuite> <!-- Academy.HomePage -->
