<?xml version="1.0" encoding="UTF-8"?>
<!-- Generated by org.testng.reporters.JUnitReportReporter -->
<testsuite hostname="priyankas-MacBook-Air.local" failures="0" tests="2" name="qaclickacademy.AppiumTest" time="0.004" errors="0" timestamp="11 Aug 2019 11:45:21 GMT" skipped="0">
  <testcase classname="qaclickacademy.AppiumTest" name="IOSApps" time="0.001"/>
  <testcase classname="qaclickacademy.AppiumTest" name="NativeappAndroid" time="0.003"/>
</testsuite> <!-- qaclickacademy.AppiumTest -->
