<?xml version="1.0" encoding="UTF-8"?>
<!-- Generated by org.testng.reporters.JUnitReportReporter -->
<testsuite hostname="priyankas-MacBook-Air.local" failures="0" tests="1" name="qaclickacademy.SeleniumTest" time="0.000" errors="0" timestamp="11 Aug 2019 11:45:21 GMT" skipped="0">
  <testcase classname="qaclickacademy.SeleniumTest" name="ElementsUI" time="0.000"/>
</testsuite> <!-- qaclickacademy.SeleniumTest -->
