<?xml version="1.0" encoding="UTF-8"?>
<!-- Generated by org.testng.reporters.JUnitReportReporter -->
<testsuite hostname="priyankas-MacBook-Air.local" failures="0" tests="2" name="Academy.Homepage" time="34.210" errors="0" timestamp="2019-08-27T19:49:54 IST" skipped="0">
  <testcase classname="Academy.Homepage" name="basePageNavigation" time="16.396"/>
  <testcase classname="Academy.Homepage" name="basePageNavigation" time="17.814"/>
</testsuite> <!-- Academy.Homepage -->
