<?xml version="1.0" encoding="UTF-8"?>
<!-- Generated by org.testng.reporters.JUnitReportReporter -->
<testsuite hostname="priyankas-MacBook-Air.local" failures="0" tests="1" name="Academy.validateNavigationBar" time="0.125" errors="0" timestamp="2019-08-29T18:36:56 IST" skipped="0">
  <testcase classname="Academy.validateNavigationBar" name="validateAppNavBar" time="0.125"/>
</testsuite> <!-- Academy.validateNavigationBar -->
