<?xml version="1.0" encoding="UTF-8"?>
<!-- Generated by org.testng.reporters.JUnitReportReporter -->
<testsuite hostname="priyankas-MacBook-Air.local" failures="0" tests="2" name="qaclickacademy.APITest" time="0.033" errors="0" timestamp="11 Aug 2019 11:45:21 GMT" skipped="0">
  <testcase classname="qaclickacademy.APITest" name="postJira" time="0.006"/>
  <testcase classname="qaclickacademy.APITest" name="deleteTwitter" time="0.027"/>
</testsuite> <!-- qaclickacademy.APITest -->
